Waiting for Emacs...
Waiting for Emacs...
Waiting for Emacs...
Waiting for Emacs...
/nix/store/whzkzg9126vfsc9wagsidv480rjn765m-emacs-27.2/bin/emacsclient: can't find socket; have you started the server?
/nix/store/whzkzg9126vfsc9wagsidv480rjn765m-emacs-27.2/bin/emacsclient: To start the server in Emacs, type "M-x server-start".

Warning: due to a long standing Gtk+ bug
https://gitlab.gnome.org/GNOME/gtk/issues/221
Emacs might crash when run in daemon mode and the X11 connection is unexpectedly lost.
Using an Emacs configured with --with-x-toolkit=lucid does not have this problem.
Loading hypb-ert...
Loading hypb-ert...done
Loading hsys-www...
Loading hsys-www...done
Loading hib-social...
Loading hib-social...done
Loading hib-debbugs...
Loading hib-debbugs...done
Loading hib-kbd...
Loading hib-kbd...done
Loading klink...
Loading klink...done
